#-----------------------------------------------------------
# Webtalk v2016.4 (64-bit)
# SW Build 1756540 on Mon Jan 23 19:11:23 MST 2017
# 
# Start of session at: Sun Aug 13 21:39:20 2017
# Process ID: 15684
# Current directory: C:/hdl_projects/MiniZed_full/MiniZed_full.sdk/webtalk
# Command line: wbtcv.exe -mode batch -source sdk_webtalk.tcl
# Log file: C:/hdl_projects/MiniZed_full/MiniZed_full.sdk/webtalk/webtalk.log
# Journal file: C:/hdl_projects/MiniZed_full/MiniZed_full.sdk/webtalk\webtalk.jou
#-----------------------------------------------------------
source sdk_webtalk.tcl
# webtalk_init -webtalk_dir C:\\hdl_projects\\MiniZed_full\\MiniZed_full.sdk\\webtalk
# webtalk_register_client -client project
# webtalk_add_data -client project -key date_generated -value "2017-08-13 21:39:19" -context "software_version_and_target_device"
# webtalk_add_data -client project -key product_version -value "SDK v2016.4" -context "software_version_and_target_device"
# webtalk_add_data -client project -key build_version -value "2016.4" -context "software_version_and_target_device"
# webtalk_add_data -client project -key os_platform -value "amd64" -context "software_version_and_target_device"
# webtalk_add_data -client project -key registration_id -value "176032993_1777485347_210642998_121" -context "software_version_and_target_device"
# webtalk_add_data -client project -key tool_flow -value "SDK" -context "software_version_and_target_device"
# webtalk_add_data -client project -key beta -value "false" -context "software_version_and_target_device"
# webtalk_add_data -client project -key route_design -value "NA" -context "software_version_and_target_device"
# webtalk_add_data -client project -key target_family -value "NA" -context "software_version_and_target_device"
# webtalk_add_data -client project -key target_device -value "NA" -context "software_version_and_target_device"
# webtalk_add_data -client project -key target_package -value "NA" -context "software_version_and_target_device"
# webtalk_add_data -client project -key target_speed -value "NA" -context "software_version_and_target_device"
# webtalk_add_data -client project -key random_id -value "2vodidj85ouhcvabj26e1gv7a7" -context "software_version_and_target_device"
# webtalk_add_data -client project -key project_id -value "2016.4_2" -context "software_version_and_target_device"
# webtalk_add_data -client project -key project_iteration -value "2" -context "software_version_and_target_device"
# webtalk_add_data -client project -key os_name -value "Microsoft Windows 8 or later , 64-bit" -context "user_environment"
# webtalk_add_data -client project -key os_release -value "major release  (build 9200)" -context "user_environment"
# webtalk_add_data -client project -key cpu_name -value "Intel(R) Core(TM) i7-6700HQ CPU @ 2.60GHz" -context "user_environment"
# webtalk_add_data -client project -key cpu_speed -value "2592 MHz" -context "user_environment"
# webtalk_add_data -client project -key total_processors -value "1" -context "user_environment"
# webtalk_add_data -client project -key system_ram -value "16.000 GB" -context "user_environment"
# webtalk_register_client -client sdk
# webtalk_add_data -client sdk -key uid -value "1502656526018" -context "sdk\\\\hardware/1502656526018"
# webtalk_add_data -client sdk -key isZynq -value "true" -context "sdk\\\\hardware/1502656526018"
# webtalk_add_data -client sdk -key isZynqMP -value "false" -context "sdk\\\\hardware/1502656526018"
# webtalk_add_data -client sdk -key Processors -value "1" -context "sdk\\\\hardware/1502656526018"
# webtalk_add_data -client sdk -key VivadoVersion -value "2016.4" -context "sdk\\\\hardware/1502656526018"
# webtalk_add_data -client sdk -key Arch -value "zynq" -context "sdk\\\\hardware/1502656526018"
# webtalk_add_data -client sdk -key Device -value "7z007s" -context "sdk\\\\hardware/1502656526018"
# webtalk_add_data -client sdk -key IsHandoff -value "true" -context "sdk\\\\hardware/1502656526018"
# webtalk_add_data -client sdk -key os -value "NA" -context "sdk\\\\hardware/1502656526018"
# webtalk_add_data -client sdk -key apptemplate -value "NA" -context "sdk\\\\hardware/1502656526018"
# webtalk_add_data -client sdk -key RecordType -value "HWCreation" -context "sdk\\\\hardware/1502656526018"
# webtalk_add_data -client sdk -key uid -value "NA" -context "sdk\\\\bsp/1502656759560"
# webtalk_add_data -client sdk -key RecordType -value "ToolUsage" -context "sdk\\\\bsp/1502656759560"
# webtalk_add_data -client sdk -key BootgenCount -value "0" -context "sdk\\\\bsp/1502656759560"
# webtalk_add_data -client sdk -key DebugCount -value "5" -context "sdk\\\\bsp/1502656759560"
# webtalk_add_data -client sdk -key PerfCount -value "0" -context "sdk\\\\bsp/1502656759560"
# webtalk_add_data -client sdk -key FlashCount -value "0" -context "sdk\\\\bsp/1502656759560"
# webtalk_add_data -client sdk -key CrossTriggCount -value "0" -context "sdk\\\\bsp/1502656759560"
# webtalk_add_data -client sdk -key QemuDebugCount -value "0" -context "sdk\\\\bsp/1502656759560"
# webtalk_transmit -clientid 1758563968 -regid "176032993_1777485347_210642998_121" -xml C:\\hdl_projects\\MiniZed_full\\MiniZed_full.sdk\\webtalk\\usage_statistics_ext_sdk.xml -html C:\\hdl_projects\\MiniZed_full\\MiniZed_full.sdk\\webtalk\\usage_statistics_ext_sdk.html -wdm C:\\hdl_projects\\MiniZed_full\\MiniZed_full.sdk\\webtalk\\sdk_webtalk.wdm -intro "<H3>SDK Usage Report</H3><BR>"
INFO: [Common 17-186] 'C:\hdl_projects\MiniZed_full\MiniZed_full.sdk\webtalk\usage_statistics_ext_sdk.xml' has been successfully sent to Xilinx on Sun Aug 13 21:39:25 2017. For additional details about this file, please refer to the WebTalk help file at C:/Xilinx/SDK/2016.4/doc/webtalk_introduction.html.
# webtalk_terminate
INFO: [Common 17-206] Exiting Webtalk at Sun Aug 13 21:39:25 2017...
